\BOOKMARK [1][-]{section*.1}{\376\377\000D\000e\000d\000i\000c\000a\000t\000i\000o\000n}{}% 1
\BOOKMARK [1][-]{section*.2}{\376\377\000A\000c\000k\000n\000o\000w\000l\000e\000d\000g\000e\000m\000e\000n\000t\000s}{}% 2
\BOOKMARK [1][-]{section*.3}{\376\377\000P\000r\000e\000f\000a\000c\000e}{}% 3
\BOOKMARK [1][-]{section*.4}{\376\377\000A\000b\000s\000t\000r\000a\000c\000t}{}% 4
\BOOKMARK [1][-]{section*.5}{\376\377\000R\000\351\000s\000u\000m\000\351}{}% 5
\BOOKMARK [1][-]{section*.6}{\376\377\000L\000i\000s\000t\000\040\000o\000f\000\040\000A\000c\000r\000o\000n\000y\000m\000s\000\040\000a\000n\000d\000\040\000A\000b\000b\000r\000e\000v\000i\000a\000t\000i\000o\000n\000s}{}% 6
\BOOKMARK [1][-]{table.0.1}{\376\377\000L\000i\000s\000t\000\040\000o\000f\000\040\000F\000i\000g\000u\000r\000e\000s}{}% 7
\BOOKMARK [1][-]{table.0.1}{\376\377\000L\000i\000s\000t\000\040\000o\000f\000\040\000T\000a\000b\000l\000e\000s}{}% 8
\BOOKMARK [0][-]{table.0.1}{\376\377\000G\000e\000n\000e\000r\000a\000l\000\040\000I\000n\000t\000r\000o\000d\000u\000c\000t\000i\000o\000n}{}% 9
\BOOKMARK [1][-]{section*.7}{\376\377\000P\000r\000o\000b\000l\000e\000m\000\040\000S\000t\000a\000t\000e\000m\000e\000n\000t}{table.0.1}% 10
\BOOKMARK [1][-]{section*.8}{\376\377\000O\000b\000j\000e\000c\000t\000i\000v\000e\000s\000\040\000o\000f\000\040\000t\000h\000e\000\040\000P\000r\000o\000j\000e\000c\000t}{table.0.1}% 11
\BOOKMARK [1][-]{section*.9}{\376\377\000G\000e\000n\000e\000r\000a\000l\000\040\000M\000e\000t\000h\000o\000d\000o\000l\000o\000g\000y}{table.0.1}% 12
\BOOKMARK [1][-]{section*.10}{\376\377\000O\000r\000g\000a\000n\000i\000z\000a\000t\000i\000o\000n\000\040\000o\000f\000\040\000t\000h\000e\000\040\000T\000h\000e\000s\000i\000s}{table.0.1}% 13
\BOOKMARK [-1][-]{part*.11}{\376\377\000P\000a\000r\000t\000\040\000I\000:\000\040\000T\000h\000e\000o\000r\000e\000t\000i\000c\000a\000l\000\040\000F\000o\000u\000n\000d\000a\000t\000i\000o\000n\000s\000\040\000a\000n\000d\000\040\000S\000t\000a\000t\000e\000\040\000o\000f\000\040\000t\000h\000e\000\040\000A\000r\000t}{}% 14
\BOOKMARK [0][-]{section*.12}{\376\377\000C\000h\000a\000p\000t\000e\000r\000\040\0001\000:\000\040\000E\000s\000s\000e\000n\000t\000i\000a\000l\000\040\000C\000o\000n\000c\000e\000p\000t\000s}{part*.11}% 15
\BOOKMARK [1][-]{section.0.1}{\376\377\000G\000e\000n\000e\000r\000a\000l\000\040\000I\000n\000f\000o\000r\000m\000a\000t\000i\000o\000n}{part*.11}% 16
\BOOKMARK [2][-]{subsection.0.1.1}{\376\377\000E\000m\000e\000r\000g\000e\000n\000c\000y\000\040\000M\000e\000d\000i\000c\000a\000l\000\040\000S\000y\000s\000t\000e\000m\000s}{section.0.1}% 17
\BOOKMARK [2][-]{subsection.0.1.2}{\376\377\000M\000e\000d\000i\000c\000a\000l\000\040\000T\000r\000i\000a\000g\000e\000\040\000a\000n\000d\000\040\000I\000t\000s\000\040\000I\000m\000p\000o\000r\000t\000a\000n\000c\000e}{section.0.1}% 18
\BOOKMARK [2][-]{subsection.0.1.3}{\376\377\000T\000h\000e\000\040\000E\000m\000e\000r\000g\000e\000n\000c\000y\000\040\000S\000e\000v\000e\000r\000i\000t\000y\000\040\000I\000n\000d\000e\000x\000\040\000\050\000E\000S\000I\000\051\000\040\000M\000o\000d\000e\000l}{section.0.1}% 19
\BOOKMARK [2][-]{subsection.0.1.4}{\376\377\000H\000e\000a\000l\000t\000h\000c\000a\000r\000e\000\040\000D\000e\000c\000i\000s\000i\000o\000n\000\040\000S\000u\000p\000p\000o\000r\000t\000\040\000S\000y\000s\000t\000e\000m\000s}{section.0.1}% 20
\BOOKMARK [1][-]{section.0.2}{\376\377\000S\000t\000a\000t\000e\000\040\000o\000f\000\040\000t\000h\000e\000\040\000A\000r\000t}{part*.11}% 21
\BOOKMARK [2][-]{subsection.0.2.1}{\376\377\000E\000x\000i\000s\000t\000i\000n\000g\000\040\000W\000o\000r\000k\000\040\000o\000n\000\040\000C\000o\000m\000p\000u\000t\000e\000r\000-\000A\000s\000s\000i\000s\000t\000e\000d\000\040\000T\000r\000i\000a\000g\000e}{section.0.2}% 22
\BOOKMARK [2][-]{subsection.0.2.2}{\376\377\000D\000i\000g\000i\000t\000a\000l\000\040\000A\000p\000p\000l\000i\000c\000a\000t\000i\000o\000n\000s\000\040\000i\000n\000\040\000E\000m\000e\000r\000g\000e\000n\000c\000y\000\040\000S\000e\000r\000v\000i\000c\000e\000s}{section.0.2}% 23
\BOOKMARK [2][-]{subsection.0.2.3}{\376\377\000S\000y\000s\000t\000e\000m\000s\000\040\000a\000n\000d\000\040\000E\000x\000i\000s\000t\000i\000n\000g\000\040\000S\000o\000l\000u\000t\000i\000o\000n\000s\000\040\000i\000n\000\040\000t\000h\000e\000\040\000L\000i\000t\000e\000r\000a\000t\000u\000r\000e}{section.0.2}% 24
\BOOKMARK [2][-]{subsection.0.2.4}{\376\377\000J\000u\000s\000t\000i\000f\000i\000c\000a\000t\000i\000o\000n\000\040\000o\000f\000\040\000t\000h\000e\000\040\000P\000r\000o\000p\000o\000s\000e\000d\000\040\000S\000o\000l\000u\000t\000i\000o\000n}{section.0.2}% 25
\BOOKMARK [0][-]{section*.13}{\376\377\000C\000h\000a\000p\000t\000e\000r\000\040\0002\000:\000\040\000M\000e\000t\000h\000o\000d\000o\000l\000o\000g\000y\000\040\000a\000n\000d\000\040\000C\000o\000n\000c\000e\000p\000t\000u\000a\000l\000\040\000A\000p\000p\000r\000o\000a\000c\000h}{part*.11}% 26
\BOOKMARK [1][-]{section.0.3}{\376\377\000R\000e\000s\000e\000a\000r\000c\000h\000\040\000a\000n\000d\000\040\000D\000e\000v\000e\000l\000o\000p\000m\000e\000n\000t\000\040\000M\000e\000t\000h\000o\000d\000o\000l\000o\000g\000y}{section*.13}% 27
\BOOKMARK [2][-]{subsection.0.3.1}{\376\377\000N\000e\000e\000d\000s\000\040\000A\000n\000a\000l\000y\000s\000i\000s\000\040\000o\000f\000\040\000t\000h\000e\000\040\000T\000r\000i\000a\000g\000e\000\040\000S\000y\000s\000t\000e\000m}{section.0.3}% 28
\BOOKMARK [2][-]{subsection.0.3.2}{\376\377\000D\000e\000f\000i\000n\000i\000t\000i\000o\000n\000\040\000o\000f\000\040\000F\000u\000n\000c\000t\000i\000o\000n\000a\000l\000\040\000a\000n\000d\000\040\000N\000o\000n\000-\000F\000u\000n\000c\000t\000i\000o\000n\000a\000l\000\040\000R\000e\000q\000u\000i\000r\000e\000m\000e\000n\000t\000s}{section.0.3}% 29
\BOOKMARK [2][-]{subsection.0.3.3}{\376\377\000S\000y\000s\000t\000e\000m\000\040\000D\000e\000v\000e\000l\000o\000p\000m\000e\000n\000t\000\040\000M\000e\000t\000h\000o\000d\000o\000l\000o\000g\000y}{section.0.3}% 30
\BOOKMARK [1][-]{section.0.4}{\376\377\000C\000o\000n\000c\000e\000p\000t\000u\000a\000l\000\040\000A\000p\000p\000r\000o\000a\000c\000h\000\040\000o\000f\000\040\000t\000h\000e\000\040\000S\000y\000s\000t\000e\000m}{section*.13}% 31
\BOOKMARK [2][-]{subsection.0.4.1}{\376\377\000G\000e\000n\000e\000r\000a\000l\000\040\000A\000r\000c\000h\000i\000t\000e\000c\000t\000u\000r\000e\000\040\000o\000f\000\040\000t\000h\000e\000\040\000S\000y\000s\000t\000e\000m}{section.0.4}% 32
\BOOKMARK [2][-]{subsection.0.4.2}{\376\377\000D\000a\000t\000a\000\040\000F\000l\000o\000w\000\040\000o\000f\000\040\000t\000h\000e\000\040\000T\000r\000i\000a\000g\000e\000\040\000P\000r\000o\000c\000e\000s\000s}{section.0.4}% 33
\BOOKMARK [2][-]{subsection.0.4.3}{\376\377\000C\000o\000n\000c\000e\000p\000t\000u\000a\000l\000\040\000M\000o\000d\000e\000l\000i\000n\000g\000\040\000o\000f\000\040\000t\000h\000e\000\040\000P\000r\000o\000p\000o\000s\000e\000d\000\040\000S\000o\000l\000u\000t\000i\000o\000n}{section.0.4}% 34
\BOOKMARK [-1][-]{part*.15}{\376\377\000P\000a\000r\000t\000\040\000I\000I\000:\000\040\000D\000e\000s\000i\000g\000n\000\040\000a\000n\000d\000\040\000I\000m\000p\000l\000e\000m\000e\000n\000t\000a\000t\000i\000o\000n}{}% 35
\BOOKMARK [0][-]{section*.16}{\376\377\000C\000h\000a\000p\000t\000e\000r\000\040\0003\000:\000\040\000M\000o\000d\000e\000l\000l\000i\000n\000g\000\040\000a\000n\000d\000\040\000T\000e\000c\000h\000n\000i\000c\000a\000l\000\040\000R\000e\000a\000l\000i\000z\000a\000t\000i\000o\000n}{part*.15}% 36
\BOOKMARK [1][-]{section.0.5}{\376\377\000N\000e\000e\000d\000s\000\040\000A\000n\000a\000l\000y\000s\000i\000s\000\040\000a\000n\000d\000\040\000U\000M\000L\000\040\000M\000o\000d\000e\000l\000i\000n\000g}{part*.15}% 37
\BOOKMARK [2][-]{subsection.0.5.1}{\376\377\000N\000e\000e\000d\000s\000\040\000S\000p\000e\000c\000i\000f\000i\000c\000a\000t\000i\000o\000n\000s}{section.0.5}% 38
\BOOKMARK [2][-]{subsection.0.5.2}{\376\377\000U\000s\000e\000\040\000C\000a\000s\000e\000\040\000D\000i\000a\000g\000r\000a\000m}{section.0.5}% 39
\BOOKMARK [2][-]{subsection.0.5.3}{\376\377\000C\000l\000a\000s\000s\000\040\000D\000i\000a\000g\000r\000a\000m}{section.0.5}% 40
\BOOKMARK [2][-]{subsection.0.5.4}{\376\377\000S\000e\000q\000u\000e\000n\000c\000e\000\040\000D\000i\000a\000g\000r\000a\000m}{section.0.5}% 41
\BOOKMARK [1][-]{section.0.6}{\376\377\000I\000m\000p\000l\000e\000m\000e\000n\000t\000a\000t\000i\000o\000n\000\040\000o\000f\000\040\000t\000h\000e\000\040\000S\000o\000l\000u\000t\000i\000o\000n}{part*.15}% 42
\BOOKMARK [2][-]{subsection.0.6.1}{\376\377\000D\000e\000v\000e\000l\000o\000p\000m\000e\000n\000t\000\040\000E\000n\000v\000i\000r\000o\000n\000m\000e\000n\000t}{section.0.6}% 43
\BOOKMARK [2][-]{subsection.0.6.2}{\376\377\000T\000e\000c\000h\000n\000o\000l\000o\000g\000i\000e\000s\000\040\000U\000s\000e\000d}{section.0.6}% 44
\BOOKMARK [2][-]{subsection.0.6.3}{\376\377\000B\000a\000c\000k\000e\000n\000d\000\040\000D\000e\000v\000e\000l\000o\000p\000m\000e\000n\000t\000\040\000a\000n\000d\000\040\000A\000P\000I}{section.0.6}% 45
\BOOKMARK [2][-]{subsection.0.6.4}{\376\377\000U\000s\000e\000r\000\040\000I\000n\000t\000e\000r\000f\000a\000c\000e\000\040\000D\000e\000v\000e\000l\000o\000p\000m\000e\000n\000t}{section.0.6}% 46
\BOOKMARK [0][-]{subsection.0.6.4}{\376\377\000C\000h\000a\000p\000t\000e\000r\000\040\0004\000:\000\040\000R\000e\000s\000u\000l\000t\000s\000,\000\040\000A\000n\000a\000l\000y\000s\000i\000s\000\040\000a\000n\000d\000\040\000D\000i\000s\000c\000u\000s\000s\000i\000o\000n}{part*.15}% 47
\BOOKMARK [1][-]{section.0.7}{\376\377\000S\000y\000s\000t\000e\000m\000\040\000E\000v\000a\000l\000u\000a\000t\000i\000o\000n}{subsection.0.6.4}% 48
\BOOKMARK [2][-]{subsection.0.7.1}{\376\377\000F\000u\000n\000c\000t\000i\000o\000n\000a\000l\000\040\000T\000e\000s\000t\000i\000n\000g}{section.0.7}% 49
\BOOKMARK [2][-]{subsection.0.7.2}{\376\377\000U\000s\000a\000g\000e\000\040\000S\000c\000e\000n\000a\000r\000i\000o\000s}{section.0.7}% 50
\BOOKMARK [2][-]{subsection.0.7.3}{\376\377\000A\000n\000a\000l\000y\000s\000i\000s\000\040\000o\000f\000\040\000R\000e\000s\000u\000l\000t\000s}{section.0.7}% 51
\BOOKMARK [1][-]{section.0.8}{\376\377\000P\000r\000e\000s\000e\000n\000t\000a\000t\000i\000o\000n\000\040\000o\000f\000\040\000t\000h\000e\000\040\000D\000e\000v\000e\000l\000o\000p\000e\000d\000\040\000S\000y\000s\000t\000e\000m}{subsection.0.6.4}% 52
\BOOKMARK [2][-]{subsection.0.8.1}{\376\377\000U\000s\000e\000r\000\040\000I\000n\000t\000e\000r\000f\000a\000c\000e\000s}{section.0.8}% 53
\BOOKMARK [2][-]{subsection.0.8.2}{\376\377\000F\000u\000n\000c\000t\000i\000o\000n\000i\000n\000g\000\040\000o\000f\000\040\000t\000h\000e\000\040\000T\000r\000i\000a\000g\000e\000\040\000E\000n\000g\000i\000n\000e}{section.0.8}% 54
\BOOKMARK [2][-]{subsection.0.8.3}{\376\377\000A\000d\000m\000i\000n\000i\000s\000t\000r\000a\000t\000i\000o\000n\000\040\000a\000n\000d\000\040\000H\000i\000s\000t\000o\000r\000i\000c\000a\000l\000\040\000L\000o\000g\000s}{section.0.8}% 55
\BOOKMARK [1][-]{section.0.9}{\376\377\000D\000i\000s\000c\000u\000s\000s\000i\000o\000n\000\040\000a\000n\000d\000\040\000P\000e\000r\000s\000p\000e\000c\000t\000i\000v\000e\000s}{subsection.0.6.4}% 56
\BOOKMARK [2][-]{subsection.0.9.1}{\376\377\000C\000r\000i\000t\000i\000c\000a\000l\000\040\000A\000n\000a\000l\000y\000s\000i\000s\000\040\000o\000f\000\040\000t\000h\000e\000\040\000R\000e\000s\000u\000l\000t\000s}{section.0.9}% 57
\BOOKMARK [0][-]{section*.24}{\376\377\000G\000e\000n\000e\000r\000a\000l\000\040\000C\000o\000n\000c\000l\000u\000s\000i\000o\000n}{part*.15}% 58
\BOOKMARK [-1][-]{part*.25}{\376\377\000P\000a\000r\000t\000\040\000I\000I\000:\000\040\000D\000e\000s\000i\000g\000n\000\040\000a\000n\000d\000\040\000I\000m\000p\000l\000e\000m\000e\000n\000t\000a\000t\000i\000o\000n}{}% 59
\BOOKMARK [0][-]{section*.26}{\376\377\000C\000h\000a\000p\000t\000e\000r\000\040\0003\000:\000\040\000M\000o\000d\000e\000l\000l\000i\000n\000g\000\040\000a\000n\000d\000\040\000T\000e\000c\000h\000n\000i\000c\000a\000l\000\040\000R\000e\000a\000l\000i\000z\000a\000t\000i\000o\000n}{part*.25}% 60
\BOOKMARK [1][-]{section.0.10}{\376\377\000N\000e\000e\000d\000s\000\040\000A\000n\000a\000l\000y\000s\000i\000s\000\040\000a\000n\000d\000\040\000U\000M\000L\000\040\000M\000o\000d\000e\000l\000i\000n\000g}{part*.25}% 61
\BOOKMARK [2][-]{subsection.0.10.1}{\376\377\000N\000e\000e\000d\000s\000\040\000S\000p\000e\000c\000i\000f\000i\000c\000a\000t\000i\000o\000n\000s}{section.0.10}% 62
\BOOKMARK [2][-]{subsection.0.10.2}{\376\377\000U\000s\000e\000\040\000C\000a\000s\000e\000\040\000D\000i\000a\000g\000r\000a\000m}{section.0.10}% 63
\BOOKMARK [2][-]{subsection.0.10.3}{\376\377\000C\000l\000a\000s\000s\000\040\000D\000i\000a\000g\000r\000a\000m}{section.0.10}% 64
\BOOKMARK [2][-]{subsection.0.10.4}{\376\377\000S\000e\000q\000u\000e\000n\000c\000e\000\040\000D\000i\000a\000g\000r\000a\000m}{section.0.10}% 65
\BOOKMARK [1][-]{section.0.11}{\376\377\000I\000m\000p\000l\000e\000m\000e\000n\000t\000a\000t\000i\000o\000n\000\040\000o\000f\000\040\000t\000h\000e\000\040\000S\000o\000l\000u\000t\000i\000o\000n}{part*.25}% 66
\BOOKMARK [2][-]{subsection.0.11.1}{\376\377\000D\000e\000v\000e\000l\000o\000p\000m\000e\000n\000t\000\040\000E\000n\000v\000i\000r\000o\000n\000m\000e\000n\000t}{section.0.11}% 67
\BOOKMARK [2][-]{subsection.0.11.2}{\376\377\000T\000e\000c\000h\000n\000o\000l\000o\000g\000i\000e\000s\000\040\000U\000s\000e\000d}{section.0.11}% 68
\BOOKMARK [2][-]{subsection.0.11.3}{\376\377\000B\000a\000c\000k\000e\000n\000d\000\040\000D\000e\000v\000e\000l\000o\000p\000m\000e\000n\000t\000\040\000a\000n\000d\000\040\000A\000P\000I}{section.0.11}% 69
\BOOKMARK [2][-]{subsection.0.11.4}{\376\377\000U\000s\000e\000r\000\040\000I\000n\000t\000e\000r\000f\000a\000c\000e\000\040\000D\000e\000v\000e\000l\000o\000p\000m\000e\000n\000t}{section.0.11}% 70
\BOOKMARK [0][-]{subsection.0.11.4}{\376\377\000C\000h\000a\000p\000t\000e\000r\000\040\0004\000:\000\040\000R\000e\000s\000u\000l\000t\000s\000,\000\040\000A\000n\000a\000l\000y\000s\000i\000s\000\040\000a\000n\000d\000\040\000D\000i\000s\000c\000u\000s\000s\000i\000o\000n}{part*.25}% 71
\BOOKMARK [1][-]{section.0.12}{\376\377\000S\000y\000s\000t\000e\000m\000\040\000E\000v\000a\000l\000u\000a\000t\000i\000o\000n}{subsection.0.11.4}% 72
\BOOKMARK [2][-]{subsection.0.12.1}{\376\377\000F\000u\000n\000c\000t\000i\000o\000n\000a\000l\000\040\000T\000e\000s\000t\000i\000n\000g}{section.0.12}% 73
\BOOKMARK [2][-]{subsection.0.12.2}{\376\377\000U\000s\000a\000g\000e\000\040\000S\000c\000e\000n\000a\000r\000i\000o\000s}{section.0.12}% 74
\BOOKMARK [2][-]{subsection.0.12.3}{\376\377\000A\000n\000a\000l\000y\000s\000i\000s\000\040\000o\000f\000\040\000R\000e\000s\000u\000l\000t\000s}{section.0.12}% 75
\BOOKMARK [1][-]{section.0.13}{\376\377\000P\000r\000e\000s\000e\000n\000t\000a\000t\000i\000o\000n\000\040\000o\000f\000\040\000t\000h\000e\000\040\000D\000e\000v\000e\000l\000o\000p\000e\000d\000\040\000S\000y\000s\000t\000e\000m}{subsection.0.11.4}% 76
\BOOKMARK [2][-]{subsection.0.13.1}{\376\377\000U\000s\000e\000r\000\040\000I\000n\000t\000e\000r\000f\000a\000c\000e\000s}{section.0.13}% 77
\BOOKMARK [2][-]{subsection.0.13.2}{\376\377\000F\000u\000n\000c\000t\000i\000o\000n\000i\000n\000g\000\040\000o\000f\000\040\000t\000h\000e\000\040\000T\000r\000i\000a\000g\000e\000\040\000E\000n\000g\000i\000n\000e}{section.0.13}% 78
\BOOKMARK [2][-]{subsection.0.13.3}{\376\377\000A\000d\000m\000i\000n\000i\000s\000t\000r\000a\000t\000i\000o\000n\000\040\000a\000n\000d\000\040\000H\000i\000s\000t\000o\000r\000i\000c\000a\000l\000\040\000L\000o\000g\000s}{section.0.13}% 79
\BOOKMARK [1][-]{section.0.14}{\376\377\000D\000i\000s\000c\000u\000s\000s\000i\000o\000n\000\040\000a\000n\000d\000\040\000P\000e\000r\000s\000p\000e\000c\000t\000i\000v\000e\000s}{subsection.0.11.4}% 80
\BOOKMARK [2][-]{subsection.0.14.1}{\376\377\000C\000r\000i\000t\000i\000c\000a\000l\000\040\000A\000n\000a\000l\000y\000s\000i\000s\000\040\000o\000f\000\040\000t\000h\000e\000\040\000R\000e\000s\000u\000l\000t\000s}{section.0.14}% 81
\BOOKMARK [0][-]{section*.34}{\376\377\000G\000e\000n\000e\000r\000a\000l\000\040\000C\000o\000n\000c\000l\000u\000s\000i\000o\000n}{part*.25}% 82
